<?xml version="1.0" encoding="UTF-8"?>
<testsuite xmlns:xsi="http://www.w3.org/2001/XMLSchema-instance" xsi:noNamespaceSchemaLocation="https://maven.apache.org/surefire/maven-surefire-plugin/xsd/surefire-test-report-3.0.xsd" version="3.0" name="ma.projet.SpringBootBackendApplicationTests" time="17.824" tests="1" errors="0" skipped="0" failures="0">
  <properties>
[...]
</properties>
  <testcase name="contextLoads" classname="ma.projet.SpringBootBackendApplicationTests" time="1.535">
    <system-out><![CDATA[16:14:18.816 [main] INFO org.springframework.test.context.support.AnnotationConfigContextLoaderUtils -- Could not detect default configuration classes for test class [ma.projet.SpringBootBackendApplicationTests]: SpringBootBackendApplicationTests does not declare any static, non-private, non-final, nested classes annotated with @Configuration.
16:14:19.053 [main] INFO org.springframework.boot.test.context.SpringBootTestContextBootstrapper -- Found @SpringBootConfiguration ma.projet.SpringBootBackendApplication for test class ma.projet.SpringBootBackendApplicationTests
16:14:19.510 [main] INFO org.springframework.boot.devtools.restart.RestartApplicationListener -- Restart disabled due to context in which it is running

  .   ____          _            __ _ _
 /\\ / ___'_ __ _ _(_)_ __  __ _ \ \ \ \
( ( )\___ | '_ | '_| | '_ \/ _` | \ \ \ \
 \\/  ___)| |_)| | | | | || (_| |  ) ) ) )
  '  |____| .__|_| |_|_| |_\__, | / / / /
 =========|_|==============|___/=/_/_/_/
 :: Spring Boot ::                (v3.2.0)

2023-12-19T16:14:20.368+01:00  INFO 19084 --- [           main] m.p.SpringBootBackendApplicationTests    : Starting SpringBootBackendApplicationTests using Java 17.0.9 with PID 19084 (started by ADMIN in C:\Users\ADMIN\Desktop\Dental-Taper-Angle-and-Symmetry-Checker\Spring boot backend)
2023-12-19T16:14:20.371+01:00  INFO 19084 --- [           main] m.p.SpringBootBackendApplicationTests    : No active profile set, falling back to 1 default profile: "default"
2023-12-19T16:14:22.999+01:00  INFO 19084 --- [           main] .s.d.r.c.RepositoryConfigurationDelegate : Bootstrapping Spring Data JPA repositories in DEFAULT mode.
2023-12-19T16:14:23.417+01:00  INFO 19084 --- [           main] .s.d.r.c.RepositoryConfigurationDelegate : Finished Spring Data repository scanning in 334 ms. Found 7 JPA repository interfaces.
2023-12-19T16:14:24.848+01:00  INFO 19084 --- [           main] o.hibernate.jpa.internal.util.LogHelper  : HHH000204: Processing PersistenceUnitInfo [name: default]
2023-12-19T16:14:25.119+01:00  INFO 19084 --- [           main] org.hibernate.Version                    : HHH000412: Hibernate ORM core version 6.3.1.Final
2023-12-19T16:14:25.282+01:00  INFO 19084 --- [           main] o.h.c.internal.RegionFactoryInitiator    : HHH000026: Second-level cache disabled
2023-12-19T16:14:26.178+01:00  INFO 19084 --- [           main] o.s.o.j.p.SpringPersistenceUnitInfo      : No LoadTimeWeaver setup: ignoring JPA class transformer
2023-12-19T16:14:26.247+01:00  INFO 19084 --- [           main] com.zaxxer.hikari.HikariDataSource       : HikariPool-1 - Starting...
2023-12-19T16:14:26.760+01:00  INFO 19084 --- [           main] com.zaxxer.hikari.pool.HikariPool        : HikariPool-1 - Added connection com.mysql.cj.jdbc.ConnectionImpl@74ebd159
2023-12-19T16:14:26.764+01:00  INFO 19084 --- [           main] com.zaxxer.hikari.HikariDataSource       : HikariPool-1 - Start completed.
2023-12-19T16:14:26.892+01:00  WARN 19084 --- [           main] org.hibernate.dialect.Dialect            : HHH000511: The 5.5.0 version for [org.hibernate.dialect.MySQLDialect] is no longer supported, hence certain features may not work properly. The minimum supported version is 5.7.0. Check the community dialects project for available legacy versions.
2023-12-19T16:14:29.747+01:00  INFO 19084 --- [           main] o.h.e.t.j.p.i.JtaPlatformInitiator       : HHH000489: No JTA platform available (set 'hibernate.transaction.jta.platform' to enable JTA platform integration)
Hibernate: alter table admin drop foreign key FK1ja8rua032fgnk9jmq7du3b3a
Hibernate: alter table groupe drop foreign key FK9t3y9dmxdr2qmyegvkvnjgeii
Hibernate: alter table groupe_pw_list drop foreign key FKjga4kwkq9csj07f1tb25a2lwd
Hibernate: alter table groupe_pw_list drop foreign key FKq5sqi7ug1sfrvo8d4vhdxlle4
Hibernate: alter table professor drop foreign key FKpo0e8orv18jvjvo8h2eb5i3by
Hibernate: alter table pw drop foreign key FKfqi46dw7o6097bhof14eupc2i
Hibernate: alter table student drop foreign key FKqytew32213tbnj8u0er377k3q
Hibernate: alter table student_groupes drop foreign key FK47dcc607hvoyor6gn5e71w4v9
Hibernate: alter table student_groupes drop foreign key FKa9jabxl3nsgc95wfe2xv22roj
Hibernate: drop table if exists admin
Hibernate: drop table if exists groupe
Hibernate: drop table if exists groupe_pw_list
Hibernate: drop table if exists professor
Hibernate: drop table if exists pw
Hibernate: drop table if exists student
Hibernate: drop table if exists student_groupes
Hibernate: drop table if exists studentpw
Hibernate: drop table if exists tooth
Hibernate: drop table if exists user
Hibernate: create table admin (id bigint not null, primary key (id)) engine=InnoDB
Hibernate: create table groupe (id bigint not null auto_increment, professor_id bigint, code varchar(255), year varchar(255), primary key (id)) engine=InnoDB
Hibernate: create table groupe_pw_list (groupe_id bigint not null, pw_list_id bigint not null) engine=InnoDB
Hibernate: create table professor (id bigint not null, grade varchar(255), primary key (id)) engine=InnoDB
Hibernate: create table pw (id bigint not null auto_increment, tooth_id bigint, objectif varchar(255), string varchar(255), title varchar(255), primary key (id)) engine=InnoDB
Hibernate: create table student (id bigint not null, number varchar(255), primary key (id)) engine=InnoDB
Hibernate: create table student_groupes (groupes_id bigint not null, students_id bigint not null) engine=InnoDB
Hibernate: create table studentpw (date datetime(6), id bigint not null auto_increment, image_front varchar(255), time varchar(255), primary key (id)) engine=InnoDB
Hibernate: create table tooth (id bigint not null auto_increment, name varchar(255), primary key (id)) engine=InnoDB
Hibernate: create table user (id bigint not null auto_increment, first_name varchar(255), image varchar(255), password varchar(255), username varchar(255), primary key (id)) engine=InnoDB
Hibernate: alter table admin add constraint FK1ja8rua032fgnk9jmq7du3b3a foreign key (id) references user (id)
Hibernate: alter table groupe add constraint FK9t3y9dmxdr2qmyegvkvnjgeii foreign key (professor_id) references professor (id)
Hibernate: alter table groupe_pw_list add constraint FKjga4kwkq9csj07f1tb25a2lwd foreign key (pw_list_id) references pw (id)
Hibernate: alter table groupe_pw_list add constraint FKq5sqi7ug1sfrvo8d4vhdxlle4 foreign key (groupe_id) references groupe (id)
Hibernate: alter table professor add constraint FKpo0e8orv18jvjvo8h2eb5i3by foreign key (id) references user (id)
Hibernate: alter table pw add constraint FKfqi46dw7o6097bhof14eupc2i foreign key (tooth_id) references tooth (id)
Hibernate: alter table student add constraint FKqytew32213tbnj8u0er377k3q foreign key (id) references user (id)
Hibernate: alter table student_groupes add constraint FK47dcc607hvoyor6gn5e71w4v9 foreign key (groupes_id) references groupe (id)
Hibernate: alter table student_groupes add constraint FKa9jabxl3nsgc95wfe2xv22roj foreign key (students_id) references student (id)
2023-12-19T16:14:30.858+01:00  INFO 19084 --- [           main] j.LocalContainerEntityManagerFactoryBean : Initialized JPA EntityManagerFactory for persistence unit 'default'
2023-12-19T16:14:32.628+01:00  WARN 19084 --- [           main] JpaBaseConfiguration$JpaWebConfiguration : spring.jpa.open-in-view is enabled by default. Therefore, database queries may be performed during view rendering. Explicitly configure spring.jpa.open-in-view to disable this warning
2023-12-19T16:14:34.601+01:00  INFO 19084 --- [           main] m.p.SpringBootBackendApplicationTests    : Started SpringBootBackendApplicationTests in 15.124 seconds (process running for 17.704)
]]></system-out>
  </testcase>
</testsuite>